# JRE version: Java(TM) SE Runtime Environment (8.0_201-b09) (build 1.8.0_201-b09)
# Java VM: Java HotSpot(TM) 64-Bit Server VM (25.201-b09 mixed mode linux-amd64 compressed oops)
Heap:
 PSYoungGen      total 218112K, used 28871K [0x00000000ec100000, 0x0000000100000000, 0x0000000100000000)
  eden space 109568K, 0% used [0x00000000ec100000,0x00000000ec100000,0x00000000f2c00000)
  from space 108544K, 26% used [0x00000000f2c00000,0x00000000f4831cd0,0x00000000f9600000)
  to   space 108544K, 0% used [0x00000000f9600000,0x00000000f9600000,0x0000000100000000)
 ParOldGen       total 366080K, used 365936K [0x00000000c4200000, 0x00000000da780000, 0x00000000ec100000)
  object space 366080K, 99% used [0x00000000c4200000,0x00000000da75c088,0x00000000da780000)
 Metaspace       used 19237K, capacity 19528K, committed 19968K, reserved 1067008K
  class space    used 2400K, capacity 2495K, committed 2560K, reserved 1048576K
GC Heap History (10 events):
Event: 9,893 GC heap after
Heap after GC invocations=19 (full 4):
 PSYoungGen      total 215040K, used 46048K [0x00000000ec100000, 0x0000000100000000, 0x0000000100000000)
  eden space 168960K, 0% used [0x00000000ec100000,0x00000000ec100000,0x00000000f6600000)
  from space 46080K, 99% used [0x00000000f6600000,0x00000000f92f8020,0x00000000f9300000)
  to   space 80384K, 0% used [0x00000000fb180000,0x00000000fb180000,0x0000000100000000)
 ParOldGen       total 366080K, used 234304K [0x00000000c4200000, 0x00000000da780000, 0x00000000ec100000)
  object space 366080K, 64% used [0x00000000c4200000,0x00000000d26d02b0,0x00000000da780000)
 Metaspace       used 18945K, capacity 19240K, committed 19712K, reserved 1067008K
  class space    used 2370K, capacity 2463K, committed 2560K, reserved 1048576K
}
Event: 10,250 GC heap before
{Heap before GC invocations=20 (full 4):
 PSYoungGen      total 215040K, used 215008K [0x00000000ec100000, 0x0000000100000000, 0x0000000100000000)
  eden space 168960K, 100% used [0x00000000ec100000,0x00000000f6600000,0x00000000f6600000)
  from space 46080K, 99% used [0x00000000f6600000,0x00000000f92f8020,0x00000000f9300000)
  to   space 80384K, 0% used [0x00000000fb180000,0x00000000fb180000,0x0000000100000000)
 ParOldGen       total 366080K, used 234304K [0x00000000c4200000, 0x00000000da780000, 0x00000000ec100000)
  object space 366080K, 64% used [0x00000000c4200000,0x00000000d26d02b0,0x00000000da780000)
 Metaspace       used 18947K, capacity 19240K, committed 19712K, reserved 1067008K
  class space    used 2370K, capacity 2463K, committed 2560K, reserved 1048576K
Event: 10,337 GC heap after
Heap after GC invocations=20 (full 4):
 PSYoungGen      total 211456K, used 80370K [0x00000000ec100000, 0x0000000100000000, 0x0000000100000000)
  eden space 131072K, 0% used [0x00000000ec100000,0x00000000ec100000,0x00000000f4100000)
  from space 80384K, 99% used [0x00000000fb180000,0x00000000ffffc818,0x0000000100000000)
  to   space 97792K, 0% used [0x00000000f4100000,0x00000000f4100000,0x00000000fa080000)
 ParOldGen       total 366080K, used 244008K [0x00000000c4200000, 0x00000000da780000, 0x00000000ec100000)
  object space 366080K, 66% used [0x00000000c4200000,0x00000000d304a2b0,0x00000000da780000)
 Metaspace       used 18947K, capacity 19240K, committed 19712K, reserved 1067008K
  class space    used 2370K, capacity 2463K, committed 2560K, reserved 1048576K
}
Event: 10,659 GC heap before
{Heap before GC invocations=21 (full 4):
 PSYoungGen      total 211456K, used 211442K [0x00000000ec100000, 0x0000000100000000, 0x0000000100000000)
  eden space 131072K, 100% used [0x00000000ec100000,0x00000000f4100000,0x00000000f4100000)
  from space 80384K, 99% used [0x00000000fb180000,0x00000000ffffc818,0x0000000100000000)
  to   space 97792K, 0% used [0x00000000f4100000,0x00000000f4100000,0x00000000fa080000)
 ParOldGen       total 366080K, used 244008K [0x00000000c4200000, 0x00000000da780000, 0x00000000ec100000)
  object space 366080K, 66% used [0x00000000c4200000,0x00000000d304a2b0,0x00000000da780000)
 Metaspace       used 18947K, capacity 19240K, committed 19712K, reserved 1067008K
  class space    used 2370K, capacity 2463K, committed 2560K, reserved 1048576K
Event: 10,813 GC heap after
Heap after GC invocations=21 (full 4):
 PSYoungGen      total 205312K, used 74034K [0x00000000ec100000, 0x0000000100000000, 0x0000000100000000)
  eden space 131072K, 0% used [0x00000000ec100000,0x00000000ec100000,0x00000000f4100000)
  from space 74240K, 99% used [0x00000000f4100000,0x00000000f894c808,0x00000000f8980000)
  to   space 105472K, 0% used [0x00000000f9900000,0x00000000f9900000,0x0000000100000000)
 ParOldGen       total 366080K, used 280384K [0x00000000c4200000, 0x00000000da780000, 0x00000000ec100000)
  object space 366080K, 76% used [0x00000000c4200000,0x00000000d53d02c0,0x00000000da780000)
 Metaspace       used 18947K, capacity 19240K, committed 19712K, reserved 1067008K
  class space    used 2370K, capacity 2463K, committed 2560K, reserved 1048576K
}
Event: 11,130 GC heap before
{Heap before GC invocations=22 (full 4):
 PSYoungGen      total 205312K, used 205106K [0x00000000ec100000, 0x0000000100000000, 0x0000000100000000)
  eden space 131072K, 100% used [0x00000000ec100000,0x00000000f4100000,0x00000000f4100000)
  from space 74240K, 99% used [0x00000000f4100000,0x00000000f894c808,0x00000000f8980000)
  to   space 105472K, 0% used [0x00000000f9900000,0x00000000f9900000,0x0000000100000000)
 ParOldGen       total 366080K, used 280384K [0x00000000c4200000, 0x00000000da780000, 0x00000000ec100000)
  object space 366080K, 76% used [0x00000000c4200000,0x00000000d53d02c0,0x00000000da780000)
 Metaspace       used 18947K, capacity 19240K, committed 19712K, reserved 1067008K
  class space    used 2370K, capacity 2463K, committed 2560K, reserved 1048576K
Event: 11,206 GC heap after
Heap after GC invocations=22 (full 4):
 PSYoungGen      total 215040K, used 103954K [0x00000000ec100000, 0x0000000100000000, 0x0000000100000000)
  eden space 109568K, 0% used [0x00000000ec100000,0x00000000ec100000,0x00000000f2c00000)
  from space 105472K, 98% used [0x00000000f9900000,0x00000000ffe84808,0x0000000100000000)
  to   space 108544K, 0% used [0x00000000f2c00000,0x00000000f2c00000,0x00000000f9600000)
 ParOldGen       total 366080K, used 280384K [0x00000000c4200000, 0x00000000da780000, 0x00000000ec100000)
  object space 366080K, 76% used [0x00000000c4200000,0x00000000d53d02c0,0x00000000da780000)
 Metaspace       used 18947K, capacity 19240K, committed 19712K, reserved 1067008K
  class space    used 2370K, capacity 2463K, committed 2560K, reserved 1048576K
}
Event: 11,661 GC heap before
{Heap before GC invocations=23 (full 4):
 PSYoungGen      total 215040K, used 213522K [0x00000000ec100000, 0x0000000100000000, 0x0000000100000000)
  eden space 109568K, 100% used [0x00000000ec100000,0x00000000f2c00000,0x00000000f2c00000)
  from space 105472K, 98% used [0x00000000f9900000,0x00000000ffe84808,0x0000000100000000)
  to   space 108544K, 0% used [0x00000000f2c00000,0x00000000f2c00000,0x00000000f9600000)
 ParOldGen       total 366080K, used 280384K [0x00000000c4200000, 0x00000000da780000, 0x00000000ec100000)
  object space 366080K, 76% used [0x00000000c4200000,0x00000000d53d02c0,0x00000000da780000)
 Metaspace       used 19237K, capacity 19528K, committed 19968K, reserved 1067008K
  class space    used 2400K, capacity 2495K, committed 2560K, reserved 1048576K
Event: 11,899 GC heap after
Heap after GC invocations=23 (full 4):
 PSYoungGen      total 218112K, used 45880K [0x00000000ec100000, 0x0000000100000000, 0x0000000100000000)
  eden space 109568K, 0% used [0x00000000ec100000,0x00000000ec100000,0x00000000f2c00000)
  from space 108544K, 42% used [0x00000000f2c00000,0x00000000f58ce0c8,0x00000000f9600000)
  to   space 108544K, 0% used [0x00000000f9600000,0x00000000f9600000,0x0000000100000000)
 ParOldGen       total 366080K, used 354582K [0x00000000c4200000, 0x00000000da780000, 0x00000000ec100000)
  object space 366080K, 96% used [0x00000000c4200000,0x00000000d9c45ad8,0x00000000da780000)
 Metaspace       used 19237K, capacity 19528K, committed 19968K, reserved 1067008K
  class space    used 2400K, capacity 2495K, committed 2560K, reserved 1048576K
}
Event: 11,901 GC heap before
{Heap before GC invocations=24 (full 5):
 PSYoungGen      total 218112K, used 45880K [0x00000000ec100000, 0x0000000100000000, 0x0000000100000000)
  eden space 109568K, 0% used [0x00000000ec100000,0x00000000ec100000,0x00000000f2c00000)
  from space 108544K, 42% used [0x00000000f2c00000,0x00000000f58ce0c8,0x00000000f9600000)
  to   space 108544K, 0% used [0x00000000f9600000,0x00000000f9600000,0x0000000100000000)
 ParOldGen       total 366080K, used 354582K [0x00000000c4200000, 0x00000000da780000, 0x00000000ec100000)
  object space 366080K, 96% used [0x00000000c4200000,0x00000000d9c45ad8,0x00000000da780000)
 Metaspace       used 19237K, capacity 19528K, committed 19968K, reserved 1067008K
  class space    used 2400K, capacity 2495K, committed 2560K, reserved 1048576K

