# JRE version: Java(TM) SE Runtime Environment (8.0_201-b09) (build 1.8.0_201-b09)
# Java VM: Java HotSpot(TM) 64-Bit Server VM (25.201-b09 mixed mode linux-amd64 compressed oops)
Heap:
 PSYoungGen      total 218112K, used 35664K [0x00000000ec100000, 0x0000000100000000, 0x0000000100000000)
  eden space 109568K, 0% used [0x00000000ec100000,0x00000000ec100000,0x00000000f2c00000)
  from space 108544K, 32% used [0x00000000f2c00000,0x00000000f4ed43b0,0x00000000f9600000)
  to   space 108544K, 0% used [0x00000000f9600000,0x00000000f9600000,0x0000000100000000)
 ParOldGen       total 359424K, used 359119K [0x00000000c4200000, 0x00000000da100000, 0x00000000ec100000)
  object space 359424K, 99% used [0x00000000c4200000,0x00000000da0b3f10,0x00000000da100000)
 Metaspace       used 19231K, capacity 19528K, committed 19968K, reserved 1067008K
  class space    used 2400K, capacity 2495K, committed 2560K, reserved 1048576K
GC Heap History (10 events):
Event: 10,187 GC heap after
Heap after GC invocations=19 (full 4):
 PSYoungGen      total 216576K, used 49248K [0x00000000ec100000, 0x0000000100000000, 0x0000000100000000)
  eden space 166912K, 0% used [0x00000000ec100000,0x00000000ec100000,0x00000000f6400000)
  from space 49664K, 99% used [0x00000000f6400000,0x00000000f9418010,0x00000000f9480000)
  to   space 81920K, 0% used [0x00000000fb000000,0x00000000fb000000,0x0000000100000000)
 ParOldGen       total 359424K, used 231729K [0x00000000c4200000, 0x00000000da100000, 0x00000000ec100000)
  object space 359424K, 64% used [0x00000000c4200000,0x00000000d244c4c0,0x00000000da100000)
 Metaspace       used 18940K, capacity 19240K, committed 19712K, reserved 1067008K
  class space    used 2370K, capacity 2463K, committed 2560K, reserved 1048576K
}
Event: 10,435 GC heap before
{Heap before GC invocations=20 (full 4):
 PSYoungGen      total 216576K, used 216160K [0x00000000ec100000, 0x0000000100000000, 0x0000000100000000)
  eden space 166912K, 100% used [0x00000000ec100000,0x00000000f6400000,0x00000000f6400000)
  from space 49664K, 99% used [0x00000000f6400000,0x00000000f9418010,0x00000000f9480000)
  to   space 81920K, 0% used [0x00000000fb000000,0x00000000fb000000,0x0000000100000000)
 ParOldGen       total 359424K, used 231729K [0x00000000c4200000, 0x00000000da100000, 0x00000000ec100000)
  object space 359424K, 64% used [0x00000000c4200000,0x00000000d244c4c0,0x00000000da100000)
 Metaspace       used 18941K, capacity 19240K, committed 19712K, reserved 1067008K
  class space    used 2370K, capacity 2463K, committed 2560K, reserved 1048576K
Event: 10,525 GC heap after
Heap after GC invocations=20 (full 4):
 PSYoungGen      total 208896K, used 81906K [0x00000000ec100000, 0x0000000100000000, 0x0000000100000000)
  eden space 126976K, 0% used [0x00000000ec100000,0x00000000ec100000,0x00000000f3d00000)
  from space 81920K, 99% used [0x00000000fb000000,0x00000000ffffc828,0x0000000100000000)
  to   space 99840K, 0% used [0x00000000f3d00000,0x00000000f3d00000,0x00000000f9e80000)
 ParOldGen       total 359424K, used 242809K [0x00000000c4200000, 0x00000000da100000, 0x00000000ec100000)
  object space 359424K, 67% used [0x00000000c4200000,0x00000000d2f1e4c0,0x00000000da100000)
 Metaspace       used 18941K, capacity 19240K, committed 19712K, reserved 1067008K
  class space    used 2370K, capacity 2463K, committed 2560K, reserved 1048576K
}
Event: 10,719 GC heap before
{Heap before GC invocations=21 (full 4):
 PSYoungGen      total 208896K, used 208882K [0x00000000ec100000, 0x0000000100000000, 0x0000000100000000)
  eden space 126976K, 100% used [0x00000000ec100000,0x00000000f3d00000,0x00000000f3d00000)
  from space 81920K, 99% used [0x00000000fb000000,0x00000000ffffc828,0x0000000100000000)
  to   space 99840K, 0% used [0x00000000f3d00000,0x00000000f3d00000,0x00000000f9e80000)
 ParOldGen       total 359424K, used 242809K [0x00000000c4200000, 0x00000000da100000, 0x00000000ec100000)
  object space 359424K, 67% used [0x00000000c4200000,0x00000000d2f1e4c0,0x00000000da100000)
 Metaspace       used 18941K, capacity 19240K, committed 19712K, reserved 1067008K
  class space    used 2370K, capacity 2463K, committed 2560K, reserved 1048576K
Event: 10,825 GC heap after
Heap after GC invocations=21 (full 4):
 PSYoungGen      total 199680K, used 72690K [0x00000000ec100000, 0x0000000100000000, 0x0000000100000000)
  eden space 126976K, 0% used [0x00000000ec100000,0x00000000ec100000,0x00000000f3d00000)
  from space 72704K, 99% used [0x00000000f3d00000,0x00000000f83fc808,0x00000000f8400000)
  to   space 107008K, 0% used [0x00000000f9780000,0x00000000f9780000,0x0000000100000000)
 ParOldGen       total 359424K, used 281137K [0x00000000c4200000, 0x00000000da100000, 0x00000000ec100000)
  object space 359424K, 78% used [0x00000000c4200000,0x00000000d548c4d0,0x00000000da100000)
 Metaspace       used 18941K, capacity 19240K, committed 19712K, reserved 1067008K
  class space    used 2370K, capacity 2463K, committed 2560K, reserved 1048576K
}
Event: 11,026 GC heap before
{Heap before GC invocations=22 (full 4):
 PSYoungGen      total 199680K, used 199666K [0x00000000ec100000, 0x0000000100000000, 0x0000000100000000)
  eden space 126976K, 100% used [0x00000000ec100000,0x00000000f3d00000,0x00000000f3d00000)
  from space 72704K, 99% used [0x00000000f3d00000,0x00000000f83fc808,0x00000000f8400000)
  to   space 107008K, 0% used [0x00000000f9780000,0x00000000f9780000,0x0000000100000000)
 ParOldGen       total 359424K, used 281137K [0x00000000c4200000, 0x00000000da100000, 0x00000000ec100000)
  object space 359424K, 78% used [0x00000000c4200000,0x00000000d548c4d0,0x00000000da100000)
 Metaspace       used 18941K, capacity 19240K, committed 19712K, reserved 1067008K
  class space    used 2370K, capacity 2463K, committed 2560K, reserved 1048576K
Event: 11,096 GC heap after
Heap after GC invocations=22 (full 4):
 PSYoungGen      total 216576K, used 101746K [0x00000000ec100000, 0x0000000100000000, 0x0000000100000000)
  eden space 109568K, 0% used [0x00000000ec100000,0x00000000ec100000,0x00000000f2c00000)
  from space 107008K, 95% used [0x00000000f9780000,0x00000000ffadc818,0x0000000100000000)
  to   space 108544K, 0% used [0x00000000f2c00000,0x00000000f2c00000,0x00000000f9600000)
 ParOldGen       total 359424K, used 281137K [0x00000000c4200000, 0x00000000da100000, 0x00000000ec100000)
  object space 359424K, 78% used [0x00000000c4200000,0x00000000d548c4d0,0x00000000da100000)
 Metaspace       used 18941K, capacity 19240K, committed 19712K, reserved 1067008K
  class space    used 2370K, capacity 2463K, committed 2560K, reserved 1048576K
}
Event: 11,497 GC heap before
{Heap before GC invocations=23 (full 4):
 PSYoungGen      total 216576K, used 211314K [0x00000000ec100000, 0x0000000100000000, 0x0000000100000000)
  eden space 109568K, 100% used [0x00000000ec100000,0x00000000f2c00000,0x00000000f2c00000)
  from space 107008K, 95% used [0x00000000f9780000,0x00000000ffadc818,0x0000000100000000)
  to   space 108544K, 0% used [0x00000000f2c00000,0x00000000f2c00000,0x00000000f9600000)
 ParOldGen       total 359424K, used 281137K [0x00000000c4200000, 0x00000000da100000, 0x00000000ec100000)
  object space 359424K, 78% used [0x00000000c4200000,0x00000000d548c4d0,0x00000000da100000)
 Metaspace       used 19231K, capacity 19528K, committed 19968K, reserved 1067008K
  class space    used 2400K, capacity 2495K, committed 2560K, reserved 1048576K
Event: 11,710 GC heap after
Heap after GC invocations=23 (full 4):
 PSYoungGen      total 218112K, used 46548K [0x00000000ec100000, 0x0000000100000000, 0x0000000100000000)
  eden space 109568K, 0% used [0x00000000ec100000,0x00000000ec100000,0x00000000f2c00000)
  from space 108544K, 42% used [0x00000000f2c00000,0x00000000f5975220,0x00000000f9600000)
  to   space 108544K, 0% used [0x00000000f9600000,0x00000000f9600000,0x0000000100000000)
 ParOldGen       total 359424K, used 353931K [0x00000000c4200000, 0x00000000da100000, 0x00000000ec100000)
  object space 359424K, 98% used [0x00000000c4200000,0x00000000d9ba2cd8,0x00000000da100000)
 Metaspace       used 19231K, capacity 19528K, committed 19968K, reserved 1067008K
  class space    used 2400K, capacity 2495K, committed 2560K, reserved 1048576K
}
Event: 11,710 GC heap before
{Heap before GC invocations=24 (full 5):
 PSYoungGen      total 218112K, used 46548K [0x00000000ec100000, 0x0000000100000000, 0x0000000100000000)
  eden space 109568K, 0% used [0x00000000ec100000,0x00000000ec100000,0x00000000f2c00000)
  from space 108544K, 42% used [0x00000000f2c00000,0x00000000f5975220,0x00000000f9600000)
  to   space 108544K, 0% used [0x00000000f9600000,0x00000000f9600000,0x0000000100000000)
 ParOldGen       total 359424K, used 353931K [0x00000000c4200000, 0x00000000da100000, 0x00000000ec100000)
  object space 359424K, 98% used [0x00000000c4200000,0x00000000d9ba2cd8,0x00000000da100000)
 Metaspace       used 19231K, capacity 19528K, committed 19968K, reserved 1067008K
  class space    used 2400K, capacity 2495K, committed 2560K, reserved 1048576K

