# JRE version: Java(TM) SE Runtime Environment (8.0_201-b09) (build 1.8.0_201-b09)
# Java VM: Java HotSpot(TM) 64-Bit Server VM (25.201-b09 mixed mode linux-amd64 compressed oops)
Heap:
 PSYoungGen      total 233984K, used 17440K [0x00000000ec100000, 0x0000000100000000, 0x0000000100000000)
  eden space 141312K, 0% used [0x00000000ec100000,0x00000000ec100000,0x00000000f4b00000)
  from space 92672K, 18% used [0x00000000f4b00000,0x00000000f5c08218,0x00000000fa580000)
  to   space 87552K, 0% used [0x00000000faa80000,0x00000000faa80000,0x0000000100000000)
 ParOldGen       total 336896K, used 336833K [0x00000000c4200000, 0x00000000d8b00000, 0x00000000ec100000)
  object space 336896K, 99% used [0x00000000c4200000,0x00000000d8af07c8,0x00000000d8b00000)
 Metaspace       used 18922K, capacity 19240K, committed 19712K, reserved 1067008K
  class space    used 2370K, capacity 2463K, committed 2560K, reserved 1048576K
GC Heap History (10 events):
Event: 12,791 GC heap after
Heap after GC invocations=17 (full 3):
 PSYoungGen      total 220160K, used 54220K [0x00000000ec100000, 0x0000000100000000, 0x0000000100000000)
  eden space 165888K, 0% used [0x00000000ec100000,0x00000000ec100000,0x00000000f6300000)
  from space 54272K, 99% used [0x00000000fcb00000,0x00000000ffff3010,0x0000000100000000)
  to   space 80384K, 0% used [0x00000000f6300000,0x00000000f6300000,0x00000000fb180000)
 ParOldGen       total 226304K, used 191957K [0x00000000c4200000, 0x00000000d1f00000, 0x00000000ec100000)
  object space 226304K, 84% used [0x00000000c4200000,0x00000000cfd75588,0x00000000d1f00000)
 Metaspace       used 18919K, capacity 19176K, committed 19712K, reserved 1067008K
  class space    used 2370K, capacity 2463K, committed 2560K, reserved 1048576K
}
Event: 12,791 GC heap before
{Heap before GC invocations=18 (full 4):
 PSYoungGen      total 220160K, used 54220K [0x00000000ec100000, 0x0000000100000000, 0x0000000100000000)
  eden space 165888K, 0% used [0x00000000ec100000,0x00000000ec100000,0x00000000f6300000)
  from space 54272K, 99% used [0x00000000fcb00000,0x00000000ffff3010,0x0000000100000000)
  to   space 80384K, 0% used [0x00000000f6300000,0x00000000f6300000,0x00000000fb180000)
 ParOldGen       total 226304K, used 191957K [0x00000000c4200000, 0x00000000d1f00000, 0x00000000ec100000)
  object space 226304K, 84% used [0x00000000c4200000,0x00000000cfd75588,0x00000000d1f00000)
 Metaspace       used 18919K, capacity 19176K, committed 19712K, reserved 1067008K
  class space    used 2370K, capacity 2463K, committed 2560K, reserved 1048576K
Event: 13,635 GC heap after
Heap after GC invocations=18 (full 4):
 PSYoungGen      total 220160K, used 19800K [0x00000000ec100000, 0x0000000100000000, 0x0000000100000000)
  eden space 165888K, 0% used [0x00000000ec100000,0x00000000ec100000,0x00000000f6300000)
  from space 54272K, 36% used [0x00000000fcb00000,0x00000000fde56310,0x0000000100000000)
  to   space 80384K, 0% used [0x00000000f6300000,0x00000000f6300000,0x00000000fb180000)
 ParOldGen       total 336896K, used 225975K [0x00000000c4200000, 0x00000000d8b00000, 0x00000000ec100000)
  object space 336896K, 67% used [0x00000000c4200000,0x00000000d1eadf08,0x00000000d8b00000)
 Metaspace       used 18919K, capacity 19176K, committed 19712K, reserved 1067008K
  class space    used 2370K, capacity 2463K, committed 2560K, reserved 1048576K
}
Event: 13,900 GC heap before
{Heap before GC invocations=19 (full 4):
 PSYoungGen      total 220160K, used 185688K [0x00000000ec100000, 0x0000000100000000, 0x0000000100000000)
  eden space 165888K, 100% used [0x00000000ec100000,0x00000000f6300000,0x00000000f6300000)
  from space 54272K, 36% used [0x00000000fcb00000,0x00000000fde56310,0x0000000100000000)
  to   space 80384K, 0% used [0x00000000f6300000,0x00000000f6300000,0x00000000fb180000)
 ParOldGen       total 336896K, used 225975K [0x00000000c4200000, 0x00000000d8b00000, 0x00000000ec100000)
  object space 336896K, 67% used [0x00000000c4200000,0x00000000d1eadf08,0x00000000d8b00000)
 Metaspace       used 18919K, capacity 19176K, committed 19712K, reserved 1067008K
  class space    used 2370K, capacity 2463K, committed 2560K, reserved 1048576K
Event: 14,018 GC heap after
Heap after GC invocations=19 (full 4):
 PSYoungGen      total 246272K, used 38048K [0x00000000ec100000, 0x0000000100000000, 0x0000000100000000)
  eden space 165888K, 0% used [0x00000000ec100000,0x00000000ec100000,0x00000000f6300000)
  from space 80384K, 47% used [0x00000000f6300000,0x00000000f8828010,0x00000000fb180000)
  to   space 78336K, 0% used [0x00000000fb380000,0x00000000fb380000,0x0000000100000000)
 ParOldGen       total 336896K, used 245887K [0x00000000c4200000, 0x00000000d8b00000, 0x00000000ec100000)
  object space 336896K, 72% used [0x00000000c4200000,0x00000000d321ff08,0x00000000d8b00000)
 Metaspace       used 18919K, capacity 19176K, committed 19712K, reserved 1067008K
  class space    used 2370K, capacity 2463K, committed 2560K, reserved 1048576K
}
Event: 14,263 GC heap before
{Heap before GC invocations=20 (full 4):
 PSYoungGen      total 246272K, used 203936K [0x00000000ec100000, 0x0000000100000000, 0x0000000100000000)
  eden space 165888K, 100% used [0x00000000ec100000,0x00000000f6300000,0x00000000f6300000)
  from space 80384K, 47% used [0x00000000f6300000,0x00000000f8828010,0x00000000fb180000)
  to   space 78336K, 0% used [0x00000000fb380000,0x00000000fb380000,0x0000000100000000)
 ParOldGen       total 336896K, used 245887K [0x00000000c4200000, 0x00000000d8b00000, 0x00000000ec100000)
  object space 336896K, 72% used [0x00000000c4200000,0x00000000d321ff08,0x00000000d8b00000)
 Metaspace       used 18922K, capacity 19240K, committed 19712K, reserved 1067008K
  class space    used 2370K, capacity 2463K, committed 2560K, reserved 1048576K
Event: 14,331 GC heap after
Heap after GC invocations=20 (full 4):
 PSYoungGen      total 219648K, used 78322K [0x00000000ec100000, 0x0000000100000000, 0x0000000100000000)
  eden space 141312K, 0% used [0x00000000ec100000,0x00000000ec100000,0x00000000f4b00000)
  from space 78336K, 99% used [0x00000000fb380000,0x00000000ffffc818,0x0000000100000000)
  to   space 92672K, 0% used [0x00000000f4b00000,0x00000000f4b00000,0x00000000fa580000)
 ParOldGen       total 336896K, used 248895K [0x00000000c4200000, 0x00000000d8b00000, 0x00000000ec100000)
  object space 336896K, 73% used [0x00000000c4200000,0x00000000d350ff08,0x00000000d8b00000)
 Metaspace       used 18922K, capacity 19240K, committed 19712K, reserved 1067008K
  class space    used 2370K, capacity 2463K, committed 2560K, reserved 1048576K
}
Event: 14,544 GC heap before
{Heap before GC invocations=21 (full 4):
 PSYoungGen      total 219648K, used 219634K [0x00000000ec100000, 0x0000000100000000, 0x0000000100000000)
  eden space 141312K, 100% used [0x00000000ec100000,0x00000000f4b00000,0x00000000f4b00000)
  from space 78336K, 99% used [0x00000000fb380000,0x00000000ffffc818,0x0000000100000000)
  to   space 92672K, 0% used [0x00000000f4b00000,0x00000000f4b00000,0x00000000fa580000)
 ParOldGen       total 336896K, used 248895K [0x00000000c4200000, 0x00000000d8b00000, 0x00000000ec100000)
  object space 336896K, 73% used [0x00000000c4200000,0x00000000d350ff08,0x00000000d8b00000)
 Metaspace       used 18922K, capacity 19240K, committed 19712K, reserved 1067008K
  class space    used 2370K, capacity 2463K, committed 2560K, reserved 1048576K
Event: 14,761 GC heap after
Heap after GC invocations=21 (full 4):
 PSYoungGen      total 233984K, used 32352K [0x00000000ec100000, 0x0000000100000000, 0x0000000100000000)
  eden space 141312K, 0% used [0x00000000ec100000,0x00000000ec100000,0x00000000f4b00000)
  from space 92672K, 34% used [0x00000000f4b00000,0x00000000f6a98000,0x00000000fa580000)
  to   space 87552K, 0% used [0x00000000faa80000,0x00000000faa80000,0x0000000100000000)
 ParOldGen       total 336896K, used 327413K [0x00000000c4200000, 0x00000000d8b00000, 0x00000000ec100000)
  object space 336896K, 97% used [0x00000000c4200000,0x00000000d81bd730,0x00000000d8b00000)
 Metaspace       used 18922K, capacity 19240K, committed 19712K, reserved 1067008K
  class space    used 2370K, capacity 2463K, committed 2560K, reserved 1048576K
}
Event: 14,761 GC heap before
{Heap before GC invocations=22 (full 5):
 PSYoungGen      total 233984K, used 32352K [0x00000000ec100000, 0x0000000100000000, 0x0000000100000000)
  eden space 141312K, 0% used [0x00000000ec100000,0x00000000ec100000,0x00000000f4b00000)
  from space 92672K, 34% used [0x00000000f4b00000,0x00000000f6a98000,0x00000000fa580000)
  to   space 87552K, 0% used [0x00000000faa80000,0x00000000faa80000,0x0000000100000000)
 ParOldGen       total 336896K, used 327413K [0x00000000c4200000, 0x00000000d8b00000, 0x00000000ec100000)
  object space 336896K, 97% used [0x00000000c4200000,0x00000000d81bd730,0x00000000d8b00000)
 Metaspace       used 18922K, capacity 19240K, committed 19712K, reserved 1067008K
  class space    used 2370K, capacity 2463K, committed 2560K, reserved 1048576K

